{"level":"info","message":"Server listening on :: @ 8080","timestamp":"2018-02-04T00:10:09.752Z"}
{"level":"info","message":"authHandler :: ","timestamp":"2018-02-04T00:10:16.791Z"}
{"level":"info","message":"Server listening on :: @ 8080","timestamp":"2018-02-04T00:10:52.960Z"}
{"level":"info","message":"authHandler :: ","timestamp":"2018-02-04T00:10:55.411Z"}
{"level":"info","message":"Server listening on :: @ 8080","timestamp":"2018-02-04T00:11:26.654Z"}
{"level":"info","message":"authHandler :: ","timestamp":"2018-02-04T00:11:29.725Z"}
{"level":"info","message":"Server listening on :: @ 8080","timestamp":"2018-02-04T00:11:58.910Z"}
{"level":"info","message":"authHandler :: ","timestamp":"2018-02-04T00:12:00.907Z"}
{"level":"info","message":"authHandler :: ","timestamp":"2018-02-04T00:12:09.050Z"}
{"level":"info","message":"Server listening on :: @ 8080","timestamp":"2018-02-04T00:12:46.036Z"}
{"level":"info","message":"authHandler :: ","timestamp":"2018-02-04T00:12:48.169Z"}
{"level":"info","message":"Server listening on :: @ 8080","timestamp":"2018-02-04T00:18:34.336Z"}
{"level":"info","message":"authHandler :: ","timestamp":"2018-02-04T00:18:37.374Z"}
{"level":"info","message":"authHandler :: ","timestamp":"2018-02-04T00:18:44.255Z"}
{"level":"info","message":"Server listening on :: @ 8080","timestamp":"2018-02-04T00:19:15.098Z"}
{"level":"info","message":"authHandler :: ","timestamp":"2018-02-04T00:19:17.268Z"}
{"level":"info","message":"Server listening on :: @ 8080","timestamp":"2018-02-04T00:19:46.607Z"}
{"level":"info","message":"authHandler :: ","timestamp":"2018-02-04T00:19:48.749Z"}
{"level":"info","message":"authHandler :: ","timestamp":"2018-02-04T00:19:58.546Z"}
{"level":"info","message":"authHandler :: ","timestamp":"2018-02-04T00:20:01.513Z"}
{"level":"info","message":"Server listening on :: @ 8080","timestamp":"2018-02-04T00:21:12.730Z"}
{"level":"info","message":"authHandler :: ","timestamp":"2018-02-04T00:21:14.806Z"}
{"level":"info","message":"authHandler :: ","timestamp":"2018-02-04T00:21:24.964Z"}
{"level":"info","message":"authHandler :: ","timestamp":"2018-02-04T00:21:37.211Z"}
{"level":"info","message":"authHandler :: ","timestamp":"2018-02-04T00:21:43.273Z"}
{"level":"info","message":"authHandler :: ","timestamp":"2018-02-04T00:22:02.363Z"}
{"level":"info","message":"Server listening on :: @ 8080","timestamp":"2018-02-04T00:23:02.385Z"}
{"level":"info","message":"authHandler :: ","timestamp":"2018-02-04T00:23:04.688Z"}
{"level":"info","message":"authHandler :: ","timestamp":"2018-02-04T00:23:07.632Z"}
{"level":"info","message":"authHandler :: ","timestamp":"2018-02-04T00:23:08.254Z"}
{"level":"info","message":"authHandler :: ","timestamp":"2018-02-04T00:23:08.635Z"}
{"level":"info","message":"authHandler :: ","timestamp":"2018-02-04T00:23:08.959Z"}
{"level":"info","message":"authHandler :: ","timestamp":"2018-02-04T00:23:09.339Z"}
{"level":"info","message":"authHandler :: ","timestamp":"2018-02-04T00:23:09.740Z"}
{"level":"info","message":"authHandler :: ","timestamp":"2018-02-04T00:23:09.957Z"}
{"level":"info","message":"authHandler :: ","timestamp":"2018-02-04T00:23:10.242Z"}
{"level":"info","message":"authHandler :: ","timestamp":"2018-02-04T00:23:10.692Z"}
{"level":"info","message":"authHandler :: ","timestamp":"2018-02-04T00:23:32.848Z"}
{"level":"info","message":"authHandler :: ","timestamp":"2018-02-04T00:24:14.843Z"}
{"level":"info","message":"authHandler :: ","timestamp":"2018-02-04T00:25:07.365Z"}
{"level":"info","message":"authHandler :: ","timestamp":"2018-02-04T00:25:08.475Z"}
{"level":"info","message":"authHandler :: ","timestamp":"2018-02-04T00:25:09.457Z"}
{"level":"info","message":"Server listening on :: @ 8080","timestamp":"2018-02-04T00:25:13.791Z"}
{"level":"info","message":"authHandler :: ","timestamp":"2018-02-04T00:25:15.620Z"}
{"level":"info","message":"authHandler :: ","timestamp":"2018-02-04T00:25:23.108Z"}
{"level":"info","message":"authHandler :: ","timestamp":"2018-02-04T00:26:06.987Z"}
{"level":"info","message":"Server listening on :: @ 8080","timestamp":"2018-02-04T00:27:09.329Z"}
{"level":"info","message":"authHandler :: ","timestamp":"2018-02-04T00:27:18.581Z"}
{"level":"info","message":"authHandler :: ","timestamp":"2018-02-04T00:27:30.349Z"}
{"level":"info","message":"authHandler :: ","timestamp":"2018-02-04T00:29:28.568Z"}
{"level":"info","message":"Server listening on :: @ 8080","timestamp":"2018-02-04T00:30:30.926Z"}
{"level":"info","message":"authHandler :: ","timestamp":"2018-02-04T00:30:32.016Z"}
{"level":"info","message":"authHandler :: ","timestamp":"2018-02-04T00:30:36.842Z"}
{"level":"info","message":"authHandler :: ","timestamp":"2018-02-04T00:31:26.567Z"}
{"level":"info","message":"Server listening on :: @ 8080","timestamp":"2018-02-04T00:31:31.148Z"}
{"level":"info","message":"authHandler :: ","timestamp":"2018-02-04T00:31:33.959Z"}
{"level":"info","message":"authHandler :: ","timestamp":"2018-02-04T00:31:34.832Z"}
{"level":"info","message":"authHandler :: ","timestamp":"2018-02-04T00:31:35.515Z"}
{"level":"info","message":"Server listening on :: @ 8080","timestamp":"2018-02-04T00:32:03.051Z"}
{"level":"info","message":"authHandler :: ","timestamp":"2018-02-04T00:32:06.389Z"}
{"level":"info","message":"authHandler :: ","timestamp":"2018-02-04T00:32:07.242Z"}
{"level":"info","message":"authHandler :: ","timestamp":"2018-02-04T00:32:08.136Z"}
{"level":"info","message":"authHandler :: ","timestamp":"2018-02-04T00:32:26.114Z"}
{"level":"info","message":"Server listening on :: @ 8080","timestamp":"2018-02-04T00:37:27.626Z"}
{"level":"info","message":"authHandler :: ","timestamp":"2018-02-04T00:37:31.845Z"}
{"level":"info","message":"authHandler :: ","timestamp":"2018-02-04T00:37:33.640Z"}
{"level":"info","message":"authHandler :: ","timestamp":"2018-02-04T00:37:34.638Z"}
{"level":"info","message":"authHandler :: ","timestamp":"2018-02-04T00:37:34.816Z"}
{"level":"info","message":"authHandler :: ","timestamp":"2018-02-04T00:37:35.078Z"}
{"level":"info","message":"authHandler :: ","timestamp":"2018-02-04T00:37:35.254Z"}
{"level":"info","message":"authHandler :: ","timestamp":"2018-02-04T00:37:35.551Z"}
{"level":"info","message":"authHandler :: ","timestamp":"2018-02-04T00:37:35.796Z"}
{"level":"info","message":"authHandler :: ","timestamp":"2018-02-04T00:37:36.053Z"}
{"level":"info","message":"Server listening on :: @ 8080","timestamp":"2018-02-04T00:37:52.063Z"}
{"level":"info","message":"authHandler :: ","timestamp":"2018-02-04T00:37:53.848Z"}
{"level":"info","message":"authHandler :: ","timestamp":"2018-02-04T00:37:57.001Z"}
{"level":"info","message":"authHandler :: ","timestamp":"2018-02-04T00:37:58.154Z"}
{"level":"info","message":"authHandler :: ","timestamp":"2018-02-04T00:37:59.127Z"}
{"level":"info","message":"authHandler :: ","timestamp":"2018-02-04T00:37:59.767Z"}
{"level":"info","message":"Server listening on :: @ 8080","timestamp":"2018-02-04T00:38:21.609Z"}
{"level":"info","message":"authHandler :: ","timestamp":"2018-02-04T00:38:23.697Z"}
{"level":"info","message":"Server listening on :: @ 8080","timestamp":"2018-02-04T00:38:52.883Z"}
{"level":"info","message":"authHandler :: ","timestamp":"2018-02-04T00:38:54.889Z"}
{"level":"info","message":"Server listening on :: @ 8080","timestamp":"2018-02-04T00:39:56.456Z"}
{"level":"info","message":"authHandler :: ","timestamp":"2018-02-04T00:39:58.706Z"}
{"level":"info","message":"authHandler :: ","timestamp":"2018-02-04T00:40:03.544Z"}
{"level":"info","message":"authHandler :: ","timestamp":"2018-02-04T00:40:04.258Z"}
{"level":"info","message":"authHandler :: ","timestamp":"2018-02-04T00:40:04.913Z"}
{"level":"info","message":"authHandler :: ","timestamp":"2018-02-04T00:40:05.324Z"}
{"level":"info","message":"Server listening on :: @ 8080","timestamp":"2018-02-04T00:40:16.659Z"}
{"level":"info","message":"authHandler :: ","timestamp":"2018-02-04T00:40:18.351Z"}
{"level":"info","message":"authHandler :: ","timestamp":"2018-02-04T00:40:21.789Z"}
{"level":"info","message":"authHandler :: ","timestamp":"2018-02-04T00:41:03.263Z"}
{"level":"info","message":"Server listening on :: @ 8080","timestamp":"2018-02-04T00:44:10.216Z"}
{"level":"info","message":"authHandler :: ","timestamp":"2018-02-04T00:44:12.816Z"}
{"level":"info","message":"Server listening on :: @ 8080","timestamp":"2018-02-04T00:44:26.053Z"}
{"level":"info","message":"authHandler :: ","timestamp":"2018-02-04T00:44:28.742Z"}
{"level":"info","message":"authHandler :: ","timestamp":"2018-02-04T00:44:30.674Z"}
{"level":"info","message":"authHandler :: ","timestamp":"2018-02-04T00:44:31.619Z"}
{"level":"info","message":"authHandler :: ","timestamp":"2018-02-04T00:44:31.914Z"}
{"level":"info","message":"authHandler :: ","timestamp":"2018-02-04T00:44:32.756Z"}
{"level":"info","message":"authHandler :: ","timestamp":"2018-02-04T00:44:32.952Z"}
{"level":"info","message":"authHandler :: ","timestamp":"2018-02-04T00:44:33.120Z"}
{"level":"info","message":"authHandler :: ","timestamp":"2018-02-04T00:44:33.406Z"}
{"level":"info","message":"authHandler :: ","timestamp":"2018-02-04T00:44:33.566Z"}
{"level":"info","message":"authHandler :: ","timestamp":"2018-02-04T00:44:33.819Z"}
{"level":"info","message":"authHandler :: ","timestamp":"2018-02-04T00:44:33.983Z"}
{"level":"info","message":"Server listening on :: @ 8080","timestamp":"2018-02-04T00:44:55.441Z"}
{"level":"info","message":"authHandler :: ","timestamp":"2018-02-04T00:44:57.894Z"}
{"level":"info","message":"Server listening on :: @ 8080","timestamp":"2018-02-04T00:45:10.364Z"}
{"level":"info","message":"authHandler :: ","timestamp":"2018-02-04T00:45:12.691Z"}
{"level":"info","message":"authHandler :: ","timestamp":"2018-02-04T00:45:14.426Z"}
{"level":"info","message":"Server listening on :: @ 8080","timestamp":"2018-02-04T00:47:12.802Z"}
{"level":"info","message":"authHandler :: ","timestamp":"2018-02-04T00:47:18.602Z"}
{"level":"info","message":"authHandler :: ","timestamp":"2018-02-04T00:47:19.523Z"}
{"level":"info","message":"authHandler :: ","timestamp":"2018-02-04T00:47:20.069Z"}
{"level":"info","message":"authHandler :: ","timestamp":"2018-02-04T00:47:20.500Z"}
{"level":"info","message":"authHandler :: ","timestamp":"2018-02-04T00:47:21.177Z"}
{"level":"info","message":"authHandler :: ","timestamp":"2018-02-04T00:47:21.354Z"}
{"level":"info","message":"authHandler :: ","timestamp":"2018-02-04T00:47:21.530Z"}
{"level":"info","message":"authHandler :: ","timestamp":"2018-02-04T00:47:21.842Z"}
{"level":"info","message":"authHandler :: ","timestamp":"2018-02-04T00:47:22.159Z"}
{"level":"info","message":"authHandler :: ","timestamp":"2018-02-04T00:47:22.323Z"}
{"level":"info","message":"authHandler :: ","timestamp":"2018-02-04T00:47:22.596Z"}
{"level":"info","message":"authHandler :: ","timestamp":"2018-02-04T00:47:22.767Z"}
{"level":"info","message":"authHandler :: ","timestamp":"2018-02-04T00:47:23.066Z"}
{"level":"info","message":"authHandler :: ","timestamp":"2018-02-04T00:47:23.419Z"}
{"level":"info","message":"authHandler :: ","timestamp":"2018-02-04T00:47:23.709Z"}
{"level":"info","message":"authHandler :: ","timestamp":"2018-02-04T00:47:23.988Z"}
{"level":"info","message":"Server listening on :: @ 8080","timestamp":"2018-02-04T00:47:45.207Z"}
{"level":"info","message":"authHandler :: ","timestamp":"2018-02-04T00:47:47.086Z"}
{"level":"info","message":"Server listening on :: @ 8080","timestamp":"2018-02-04T00:48:44.020Z"}
{"level":"info","message":"authHandler :: ","timestamp":"2018-02-04T00:48:45.844Z"}
{"level":"info","message":"Server listening on :: @ 8080","timestamp":"2018-02-04T00:53:34.271Z"}
{"level":"info","message":"authHandler :: ","timestamp":"2018-02-04T00:53:39.665Z"}
{"level":"info","message":"Server listening on :: @ 8080","timestamp":"2018-02-04T00:54:25.585Z"}
{"level":"info","message":"authHandler :: ","timestamp":"2018-02-04T00:54:27.955Z"}
{"level":"info","message":"Server listening on :: @ 8080","timestamp":"2018-02-04T00:54:41.031Z"}
{"level":"info","message":"authHandler :: ","timestamp":"2018-02-04T00:54:42.831Z"}
{"level":"info","message":"Server listening on :: @ 8080","timestamp":"2018-02-04T00:58:04.599Z"}
{"level":"info","message":"authHandler :: ","timestamp":"2018-02-04T00:58:07.706Z"}
{"level":"info","message":"Server listening on :: @ 8080","timestamp":"2018-02-04T00:59:41.611Z"}
{"level":"info","message":"authHandler :: ","timestamp":"2018-02-04T00:59:44.035Z"}
{"date":"Sun Feb 04 2018 02:00:20 GMT+0100 (W. Europe Standard Time)","process":{"pid":8140,"uid":null,"gid":null,"cwd":"C:\\Users\\NIL\\WebstormProjects\\NodeFramwork","execPath":"C:\\Program Files\\nodejs\\node.exe","version":"v8.9.4","argv":["C:\\Program Files\\nodejs\\node.exe","C:\\Users\\NIL\\WebstormProjects\\NodeFramwork\\server.js"],"memoryUsage":{"rss":42500096,"heapTotal":24649728,"heapUsed":16588288,"external":146773}},"os":{"loadavg":[0,0,0],"uptime":332044.4334543},"trace":[{"column":16,"file":"C:\\Users\\NIL\\WebstormProjects\\NodeFramwork\\modules\\index.js","function":null,"line":30,"method":null,"native":false},{"column":null,"file":null,"function":"Array.forEach","line":null,"method":"forEach","native":false},{"column":6,"file":"C:\\Users\\NIL\\WebstormProjects\\NodeFramwork\\modules\\index.js","function":"Modules.setupRoutes","line":28,"method":"setupRoutes","native":false},{"column":8,"file":"C:\\Users\\NIL\\WebstormProjects\\NodeFramwork\\modules\\index.js","function":"new Modules","line":21,"method":null,"native":false},{"column":1,"file":"C:\\Users\\NIL\\WebstormProjects\\NodeFramwork\\app.js","function":null,"line":34,"method":null,"native":false},{"column":30,"file":"module.js","function":"Module._compile","line":643,"method":"_compile","native":false},{"column":10,"file":"module.js","function":"Module._extensions..js","line":654,"method":".js","native":false},{"column":32,"file":"module.js","function":"Module.load","line":556,"method":"load","native":false},{"column":12,"file":"module.js","function":"tryModuleLoad","line":499,"method":null,"native":false},{"column":3,"file":"module.js","function":"Module._load","line":491,"method":"_load","native":false}],"stack":["ReferenceError: tempRoute is not defined","    at C:\\Users\\NIL\\WebstormProjects\\NodeFramwork\\modules\\index.js:30:16","    at Array.forEach (<anonymous>)","    at Modules.setupRoutes (C:\\Users\\NIL\\WebstormProjects\\NodeFramwork\\modules\\index.js:28:6)","    at new Modules (C:\\Users\\NIL\\WebstormProjects\\NodeFramwork\\modules\\index.js:21:8)","    at Object.<anonymous> (C:\\Users\\NIL\\WebstormProjects\\NodeFramwork\\app.js:34:1)","    at Module._compile (module.js:643:30)","    at Object.Module._extensions..js (module.js:654:10)","    at Module.load (module.js:556:32)","    at tryModuleLoad (module.js:499:12)","    at Function.Module._load (module.js:491:3)"],"level":"error","message":"uncaughtException: tempRoute is not defined","timestamp":"2018-02-04T01:00:21.053Z"}
{"level":"info","message":"Server listening on :: @ 8080","timestamp":"2018-02-04T01:00:36.797Z"}
{"level":"info","message":"authHandler :: ","timestamp":"2018-02-04T01:00:41.364Z"}
{"level":"info","message":"authHandler :: ","timestamp":"2018-02-04T01:00:45.042Z"}
{"level":"info","message":"authHandler :: ","timestamp":"2018-02-04T01:00:55.207Z"}
{"level":"info","message":"Server listening on :: @ 8080","timestamp":"2018-02-04T01:04:02.673Z"}
{"level":"info","message":"authHandler :: ","timestamp":"2018-02-04T01:04:06.241Z"}
{"level":"info","message":"authHandler :: ","timestamp":"2018-02-04T01:04:42.608Z"}
{"level":"info","message":"authHandler :: ","timestamp":"2018-02-04T01:04:49.839Z"}
{"level":"info","message":"authHandler :: ","timestamp":"2018-02-04T01:04:55.417Z"}
{"level":"info","message":"Server listening on :: @ 8080","timestamp":"2018-02-04T01:05:10.560Z"}
{"level":"info","message":"authHandler :: ","timestamp":"2018-02-04T01:05:13.896Z"}
{"level":"info","message":"authHandler :: ","timestamp":"2018-02-04T01:05:18.192Z"}
{"level":"info","message":"authHandler :: ","timestamp":"2018-02-04T01:07:20.229Z"}
{"level":"info","message":"authHandler :: ","timestamp":"2018-02-04T01:07:29.002Z"}
{"level":"info","message":"authHandler :: ","timestamp":"2018-02-04T01:07:35.006Z"}
{"level":"info","message":"Server listening on :: @ 8080","timestamp":"2018-02-04T01:17:52.382Z"}
{"level":"info","message":"authHandler :: ","timestamp":"2018-02-04T01:17:57.036Z"}
{"level":"info","message":"authHandler :: ","timestamp":"2018-02-04T01:18:06.465Z"}
{"level":"info","message":"Server listening on :: @ 8080","timestamp":"2018-02-04T01:42:15.588Z"}
{"level":"info","message":"authHandler :: ","timestamp":"2018-02-04T01:42:20.076Z"}
{"level":"info","message":"authHandler :: ","timestamp":"2018-02-04T01:42:34.758Z"}
{"level":"info","message":"Server listening on :: @ 8080","timestamp":"2018-02-04T01:51:51.047Z"}
{"level":"info","message":"Server listening on :: @ 8080","timestamp":"2018-02-04T01:53:07.370Z"}
{"level":"info","message":"Server listening on :: @ 8080","timestamp":"2018-02-04T01:53:28.280Z"}
{"level":"info","message":"authHandler :: ","timestamp":"2018-02-04T01:53:33.069Z"}
{"level":"info","message":"authHandler :: ","timestamp":"2018-02-04T01:53:58.602Z"}
{"level":"info","message":"authHandler :: ","timestamp":"2018-02-04T01:54:00.233Z"}
{"level":"info","message":"Server listening on :: @ 8080","timestamp":"2018-02-04T01:54:27.641Z"}
{"level":"info","message":"authHandler :: ","timestamp":"2018-02-04T01:54:29.937Z"}
{"level":"info","message":"Server listening on :: @ 8080","timestamp":"2018-02-04T01:55:12.463Z"}
{"level":"info","message":"authHandler :: ","timestamp":"2018-02-04T01:55:14.528Z"}
{"level":"info","message":"authHandler :: ","timestamp":"2018-02-04T01:55:20.910Z"}
{"level":"info","message":"authHandler :: ","timestamp":"2018-02-04T01:55:31.386Z"}
{"level":"info","message":"authHandler :: ","timestamp":"2018-02-04T01:55:37.440Z"}
{"level":"info","message":"authHandler :: ","timestamp":"2018-02-04T01:55:39.162Z"}
{"level":"info","message":"authHandler :: ","timestamp":"2018-02-04T01:55:40.774Z"}
{"level":"info","message":"authHandler :: ","timestamp":"2018-02-04T01:55:42.182Z"}
{"level":"info","message":"authHandler :: ","timestamp":"2018-02-04T01:55:44.169Z"}
{"level":"info","message":"authHandler :: ","timestamp":"2018-02-04T01:55:45.690Z"}
{"level":"info","message":"authHandler :: ","timestamp":"2018-02-04T01:55:47.538Z"}
{"level":"info","message":"authHandler :: ","timestamp":"2018-02-04T01:55:49.113Z"}
{"level":"info","message":"authHandler :: ","timestamp":"2018-02-04T01:55:50.586Z"}
{"level":"info","message":"authHandler :: ","timestamp":"2018-02-04T01:55:52.086Z"}
{"level":"info","message":"authHandler :: ","timestamp":"2018-02-04T01:55:53.557Z"}
{"level":"info","message":"authHandler :: ","timestamp":"2018-02-04T01:55:55.221Z"}
{"level":"info","message":"authHandler :: ","timestamp":"2018-02-04T01:55:56.989Z"}
{"level":"info","message":"authHandler :: ","timestamp":"2018-02-04T01:55:58.493Z"}
{"level":"info","message":"authHandler :: ","timestamp":"2018-02-04T01:56:01.569Z"}
{"level":"info","message":"authHandler :: ","timestamp":"2018-02-04T01:56:03.805Z"}
{"level":"info","message":"authHandler :: ","timestamp":"2018-02-04T01:56:06.160Z"}
{"level":"info","message":"authHandler :: ","timestamp":"2018-02-04T01:56:07.680Z"}
{"level":"info","message":"authHandler :: ","timestamp":"2018-02-04T01:56:09.406Z"}
{"level":"info","message":"authHandler :: ","timestamp":"2018-02-04T01:56:10.941Z"}
{"level":"info","message":"authHandler :: ","timestamp":"2018-02-04T01:56:12.463Z"}
{"level":"info","message":"authHandler :: ","timestamp":"2018-02-04T01:56:13.819Z"}
{"level":"info","message":"authHandler :: ","timestamp":"2018-02-04T01:56:15.240Z"}
{"level":"info","message":"authHandler :: ","timestamp":"2018-02-04T01:56:16.653Z"}
{"level":"info","message":"authHandler :: ","timestamp":"2018-02-04T01:56:18.137Z"}
{"level":"info","message":"authHandler :: ","timestamp":"2018-02-04T01:56:19.696Z"}
{"level":"info","message":"authHandler :: ","timestamp":"2018-02-04T01:56:21.104Z"}
{"level":"info","message":"authHandler :: ","timestamp":"2018-02-04T01:56:22.237Z"}
{"level":"info","message":"authHandler :: ","timestamp":"2018-02-04T01:56:45.978Z"}
{"level":"info","message":"authHandler :: ","timestamp":"2018-02-04T01:56:49.209Z"}
{"level":"info","message":"authHandler :: ","timestamp":"2018-02-04T01:57:06.606Z"}
{"level":"info","message":"authHandler :: ","timestamp":"2018-02-04T01:57:08.774Z"}
{"level":"info","message":"authHandler :: ","timestamp":"2018-02-04T01:57:10.695Z"}
{"level":"info","message":"authHandler :: ","timestamp":"2018-02-04T01:57:13.145Z"}
{"level":"info","message":"authHandler :: ","timestamp":"2018-02-04T01:57:17.063Z"}
{"level":"info","message":"authHandler :: ","timestamp":"2018-02-04T01:57:18.633Z"}
{"level":"info","message":"authHandler :: ","timestamp":"2018-02-04T01:57:20.404Z"}
{"level":"info","message":"authHandler :: ","timestamp":"2018-02-04T01:57:21.919Z"}
{"level":"info","message":"authHandler :: ","timestamp":"2018-02-04T01:57:23.852Z"}
{"level":"info","message":"authHandler :: ","timestamp":"2018-02-04T01:57:25.464Z"}
{"level":"info","message":"authHandler :: ","timestamp":"2018-02-04T01:57:27.388Z"}
{"level":"info","message":"authHandler :: ","timestamp":"2018-02-04T01:57:30.465Z"}
{"level":"info","message":"authHandler :: ","timestamp":"2018-02-04T01:57:32.239Z"}
{"level":"info","message":"authHandler :: ","timestamp":"2018-02-04T01:57:34.236Z"}
{"level":"info","message":"authHandler :: ","timestamp":"2018-02-04T01:57:38.819Z"}
{"level":"info","message":"authHandler :: ","timestamp":"2018-02-04T01:57:40.627Z"}
{"level":"info","message":"authHandler :: ","timestamp":"2018-02-04T01:57:42.060Z"}
{"level":"info","message":"authHandler :: ","timestamp":"2018-02-04T01:57:43.459Z"}
{"level":"info","message":"authHandler :: ","timestamp":"2018-02-04T01:57:44.893Z"}
{"level":"info","message":"authHandler :: ","timestamp":"2018-02-04T01:57:47.636Z"}
{"level":"info","message":"authHandler :: ","timestamp":"2018-02-04T01:57:51.702Z"}
{"level":"info","message":"authHandler :: ","timestamp":"2018-02-04T01:57:52.459Z"}
{"level":"info","message":"Server listening on :: @ 8080","timestamp":"2018-02-04T01:58:43.272Z"}
{"level":"info","message":"authHandler :: ","timestamp":"2018-02-04T01:58:45.941Z"}
{"level":"info","message":"authHandler :: ","timestamp":"2018-02-04T01:58:50.120Z"}
{"level":"info","message":"authHandler :: ","timestamp":"2018-02-04T01:59:08.247Z"}
{"level":"info","message":"Server listening on :: @ 8080","timestamp":"2018-02-04T02:20:55.463Z"}
{"level":"info","message":"authHandler :: ","timestamp":"2018-02-04T02:21:41.828Z"}
{"level":"info","message":"authHandler :: ","timestamp":"2018-02-04T02:22:21.239Z"}
{"level":"info","message":"authHandler :: ","timestamp":"2018-02-04T02:22:35.838Z"}
{"level":"info","message":"Server listening on :: @ 8080","timestamp":"2018-02-04T02:23:07.826Z"}
{"level":"info","message":"authHandler :: ","timestamp":"2018-02-04T02:23:11.231Z"}
{"level":"info","message":"authHandler :: ","timestamp":"2018-02-04T02:23:30.249Z"}
{"level":"info","message":"Server listening on :: @ 8080","timestamp":"2018-02-04T02:26:06.759Z"}
{"level":"info","message":"authHandler :: ","timestamp":"2018-02-04T02:26:12.187Z"}
{"level":"info","message":"authHandler :: ","timestamp":"2018-02-04T02:26:18.356Z"}
{"level":"info","message":"authHandler :: ","timestamp":"2018-02-04T02:26:33.131Z"}
{"level":"info","message":"Server listening on :: @ 8080","timestamp":"2018-02-04T02:31:53.465Z"}
{"level":"info","message":"authHandler :: ","timestamp":"2018-02-04T02:31:59.372Z"}
{"level":"info","message":"Server listening on :: @ 8080","timestamp":"2018-02-04T02:32:57.149Z"}
{"level":"info","message":"authHandler :: ","timestamp":"2018-02-04T02:32:59.088Z"}
{"level":"info","message":"Server listening on :: @ 8080","timestamp":"2018-02-04T02:33:14.081Z"}
{"level":"info","message":"authHandler :: ","timestamp":"2018-02-04T02:33:22.831Z"}
{"level":"info","message":"Server listening on :: @ 8080","timestamp":"2018-02-04T02:34:18.050Z"}
{"level":"info","message":"authHandler :: ","timestamp":"2018-02-04T02:34:23.011Z"}
{"level":"info","message":"Server listening on :: @ 8080","timestamp":"2018-02-04T02:35:48.208Z"}
{"level":"info","message":"authHandler :: ","timestamp":"2018-02-04T02:35:52.486Z"}
{"level":"info","message":"Server listening on :: @ 8080","timestamp":"2018-02-04T02:36:03.394Z"}
{"level":"info","message":"authHandler :: ","timestamp":"2018-02-04T02:36:06.708Z"}
{"level":"info","message":"Server listening on :: @ 8080","timestamp":"2018-02-04T02:36:22.177Z"}
{"level":"info","message":"authHandler :: ","timestamp":"2018-02-04T02:36:26.130Z"}
{"level":"info","message":"authHandler :: ","timestamp":"2018-02-04T02:36:43.824Z"}
{"level":"info","message":"authHandler :: ","timestamp":"2018-02-04T02:36:47.643Z"}
{"level":"info","message":"authHandler :: ","timestamp":"2018-02-04T02:36:55.847Z"}
{"level":"info","message":"authHandler :: ","timestamp":"2018-02-04T02:36:59.488Z"}
{"level":"info","message":"authHandler :: ","timestamp":"2018-02-04T02:42:50.689Z"}
{"level":"info","message":"authHandler :: ","timestamp":"2018-02-04T02:43:03.856Z"}
{"level":"info","message":"authHandler :: ","timestamp":"2018-02-04T02:43:07.739Z"}
{"level":"info","message":"authHandler :: ","timestamp":"2018-02-04T02:43:23.102Z"}
{"level":"info","message":"authHandler :: ","timestamp":"2018-02-04T02:43:25.999Z"}
{"level":"info","message":"authHandler :: ","timestamp":"2018-02-04T02:45:13.186Z"}
{"level":"info","message":"authHandler :: ","timestamp":"2018-02-04T02:45:16.292Z"}
{"level":"info","message":"Server listening on :: @ 8080","timestamp":"2018-02-04T02:45:43.304Z"}
{"level":"info","message":"Server listening on :: @ 8080","timestamp":"2018-02-04T02:46:07.827Z"}
{"level":"info","message":"authHandler :: ","timestamp":"2018-02-04T02:46:14.097Z"}
{"level":"info","message":"authHandler :: ","timestamp":"2018-02-04T02:46:38.166Z"}
{"level":"info","message":"authHandler :: ","timestamp":"2018-02-04T02:46:41.188Z"}
{"level":"info","message":"authHandler :: ","timestamp":"2018-02-04T02:47:34.345Z"}
{"level":"info","message":"authHandler :: ","timestamp":"2018-02-04T02:47:36.725Z"}
{"level":"info","message":"authHandler :: ","timestamp":"2018-02-04T02:47:52.194Z"}
{"level":"info","message":"authHandler :: ","timestamp":"2018-02-04T02:47:56.193Z"}
{"level":"info","message":"authHandler :: ","timestamp":"2018-02-04T02:49:57.821Z"}
{"level":"info","message":"authHandler :: ","timestamp":"2018-02-04T02:50:01.021Z"}
{"level":"info","message":"authHandler :: ","timestamp":"2018-02-04T02:50:26.576Z"}
{"level":"info","message":"authHandler :: ","timestamp":"2018-02-04T02:50:30.035Z"}
{"level":"info","message":"authHandler :: ","timestamp":"2018-02-04T03:13:47.090Z"}
{"level":"info","message":"Server listening on :: @ 8080","timestamp":"2018-02-04T03:19:34.997Z"}
{"level":"info","message":"authHandler :: ","timestamp":"2018-02-04T03:19:39.353Z"}
{"level":"info","message":"authHandler :: ","timestamp":"2018-02-04T03:19:47.090Z"}
{"level":"info","message":"Server listening on :: @ 8080","timestamp":"2018-02-04T03:20:31.732Z"}
{"level":"info","message":"authHandler :: ","timestamp":"2018-02-04T03:20:34.499Z"}
{"level":"info","message":"authHandler :: ","timestamp":"2018-02-04T03:20:42.355Z"}
{"level":"info","message":"Server listening on :: @ 8080","timestamp":"2018-02-04T03:21:47.337Z"}
{"level":"info","message":"authHandler :: ","timestamp":"2018-02-04T03:21:53.583Z"}
{"level":"info","message":"authHandler :: ","timestamp":"2018-02-04T03:21:57.338Z"}
{"level":"info","message":"authHandler :: ","timestamp":"2018-02-04T03:22:11.277Z"}
{"level":"info","message":"authHandler :: ","timestamp":"2018-02-04T03:22:15.313Z"}
{"level":"info","message":"Server listening on :: @ 8080","timestamp":"2018-02-04T03:24:12.643Z"}
{"level":"info","message":"authHandler :: ","timestamp":"2018-02-04T03:24:17.009Z"}
{"level":"info","message":"authHandler :: ","timestamp":"2018-02-04T03:24:29.857Z"}
{"level":"info","message":"authHandler :: ","timestamp":"2018-02-04T03:24:33.742Z"}
{"level":"info","message":"Server listening on :: @ 8080","timestamp":"2018-02-04T03:34:07.647Z"}
{"level":"info","message":"authHandler :: ","timestamp":"2018-02-04T03:34:14.181Z"}
{"level":"info","message":"authHandler :: ","timestamp":"2018-02-04T03:34:20.956Z"}
{"level":"info","message":"Server listening on :: @ 8080","timestamp":"2018-02-04T03:34:34.712Z"}
{"level":"info","message":"authHandler :: ","timestamp":"2018-02-04T03:34:39.911Z"}
{"level":"info","message":"authHandler :: ","timestamp":"2018-02-04T03:34:43.725Z"}
{"level":"info","message":"authHandler :: ","timestamp":"2018-02-04T03:34:47.379Z"}
{"level":"info","message":"authHandler :: ","timestamp":"2018-02-04T03:34:56.483Z"}
{"level":"info","message":"authHandler :: ","timestamp":"2018-02-04T03:34:59.276Z"}
{"level":"info","message":"Server listening on :: @ 8080","timestamp":"2018-02-04T03:37:17.801Z"}
{"level":"info","message":"authHandler :: ","timestamp":"2018-02-04T03:37:25.396Z"}
{"level":"info","message":"authHandler :: ","timestamp":"2018-02-04T03:37:35.999Z"}
{"level":"info","message":"Server listening on :: @ 8080","timestamp":"2018-02-04T03:38:12.843Z"}
{"level":"info","message":"authHandler :: ","timestamp":"2018-02-04T03:38:18.002Z"}
{"level":"info","message":"authHandler :: ","timestamp":"2018-02-04T03:38:28.875Z"}
{"level":"info","message":"authHandler :: ","timestamp":"2018-02-04T03:38:32.158Z"}
{"level":"info","message":"authHandler :: ","timestamp":"2018-02-04T03:38:37.142Z"}
{"level":"info","message":"authHandler :: ","timestamp":"2018-02-04T03:38:40.188Z"}
{"level":"info","message":"authHandler :: ","timestamp":"2018-02-04T03:38:54.018Z"}
{"level":"info","message":"authHandler :: ","timestamp":"2018-02-04T03:38:58.848Z"}
{"level":"info","message":"Server listening on :: @ 8080","timestamp":"2018-02-04T03:39:48.228Z"}
{"level":"info","message":"authHandler :: ","timestamp":"2018-02-04T03:39:51.354Z"}
{"level":"info","message":"authHandler :: ","timestamp":"2018-02-04T03:39:59.308Z"}
{"level":"info","message":"authHandler :: ","timestamp":"2018-02-04T03:40:03.226Z"}
{"level":"info","message":"authHandler :: ","timestamp":"2018-02-04T03:40:07.331Z"}
{"level":"info","message":"authHandler :: ","timestamp":"2018-02-04T03:40:10.034Z"}
{"level":"info","message":"authHandler :: ","timestamp":"2018-02-04T03:40:18.629Z"}
{"level":"info","message":"authHandler :: ","timestamp":"2018-02-04T03:40:23.283Z"}
{"level":"info","message":"authHandler :: ","timestamp":"2018-02-04T03:40:30.673Z"}
{"level":"info","message":"Server listening on :: @ 8080","timestamp":"2018-02-04T03:43:04.918Z"}
{"level":"info","message":"authHandler :: ","timestamp":"2018-02-04T03:43:12.068Z"}
{"level":"info","message":"authHandler :: ","timestamp":"2018-02-04T03:43:18.033Z"}
{"level":"info","message":"authHandler :: ","timestamp":"2018-02-04T03:43:20.876Z"}
{"level":"info","message":"authHandler :: ","timestamp":"2018-02-04T03:43:27.348Z"}
{"level":"info","message":"Server listening on :: @ 8080","timestamp":"2018-02-04T03:43:55.691Z"}
{"level":"info","message":"authHandler :: ","timestamp":"2018-02-04T03:44:00.684Z"}
{"level":"info","message":"authHandler :: ","timestamp":"2018-02-04T03:44:05.673Z"}
{"level":"info","message":"Server listening on :: @ 8080","timestamp":"2018-02-04T03:44:23.944Z"}
{"level":"info","message":"authHandler :: ","timestamp":"2018-02-04T03:44:29.583Z"}
{"level":"info","message":"authHandler :: ","timestamp":"2018-02-04T03:44:38.872Z"}
{"level":"info","message":"Server listening on :: @ 8080","timestamp":"2018-02-04T03:46:12.867Z"}
{"level":"info","message":"authHandler :: ","timestamp":"2018-02-04T03:46:17.628Z"}
{"level":"info","message":"Server listening on :: @ 8080","timestamp":"2018-02-04T03:47:17.534Z"}
{"level":"info","message":"authHandler :: ","timestamp":"2018-02-04T03:47:20.809Z"}
{"level":"info","message":"Server listening on :: @ 8080","timestamp":"2018-02-04T03:48:17.187Z"}
{"level":"info","message":"Server listening on :: @ 8080","timestamp":"2018-02-04T03:48:41.974Z"}
{"level":"info","message":"authHandler :: ","timestamp":"2018-02-04T03:49:27.891Z"}
{"level":"info","message":"authHandler :: ","timestamp":"2018-02-04T03:49:35.161Z"}
{"level":"info","message":"authHandler :: ","timestamp":"2018-02-04T03:49:39.693Z"}
{"level":"info","message":"authHandler :: ","timestamp":"2018-02-04T03:49:50.108Z"}
{"level":"info","message":"authHandler :: ","timestamp":"2018-02-04T03:49:57.061Z"}
{"level":"info","message":"authHandler :: ","timestamp":"2018-02-04T03:50:02.802Z"}
{"level":"info","message":"authHandler :: ","timestamp":"2018-02-04T03:50:07.138Z"}
{"level":"info","message":"authHandler :: ","timestamp":"2018-02-04T03:50:17.495Z"}
{"level":"info","message":"authHandler :: ","timestamp":"2018-02-04T03:50:21.113Z"}
{"level":"info","message":"Server listening on :: @ 8080","timestamp":"2018-02-04T04:00:15.539Z"}
{"level":"info","message":"Server listening on :: @ 8080","timestamp":"2018-02-04T04:01:05.329Z"}
{"level":"info","message":"authHandler :: ","timestamp":"2018-02-04T04:02:49.483Z"}
{"level":"info","message":"authHandler :: ","timestamp":"2018-02-04T04:03:29.163Z"}
{"level":"info","message":"authHandler :: ","timestamp":"2018-02-04T04:04:11.289Z"}
{"level":"info","message":"Server listening on :: @ 8080","timestamp":"2018-02-04T04:05:05.721Z"}
{"level":"info","message":"authHandler :: ","timestamp":"2018-02-04T04:05:14.611Z"}
{"level":"info","message":"authHandler :: ","timestamp":"2018-02-04T04:06:13.410Z"}
{"date":"Sun Feb 04 2018 05:06:13 GMT+0100 (W. Europe Standard Time)","process":{"pid":17052,"uid":null,"gid":null,"cwd":"C:\\Users\\NIL\\WebstormProjects\\NodeFramwork","execPath":"C:\\Program Files\\nodejs\\node.exe","version":"v8.9.4","argv":["C:\\Program Files\\nodejs\\node.exe","C:\\Users\\NIL\\WebstormProjects\\NodeFramwork\\server.js"],"memoryUsage":{"rss":41795584,"heapTotal":21958656,"heapUsed":18002168,"external":127574}},"os":{"loadavg":[0,0,0],"uptime":343196.8708524},"trace":[{"column":4,"file":"C:\\Users\\NIL\\WebstormProjects\\NodeFramwork\\modules\\upload\\index.js","function":"DiskStorage.destination [as getDestination]","line":8,"method":"destination [as getDestination]","native":false},{"column":8,"file":"C:\\Users\\NIL\\WebstormProjects\\NodeFramwork\\node_modules\\multer\\storage\\disk.js","function":"DiskStorage._handleFile","line":31,"method":"_handleFile","native":false},{"column":17,"file":"C:\\Users\\NIL\\WebstormProjects\\NodeFramwork\\node_modules\\multer\\lib\\make-middleware.js","function":null,"line":144,"method":null,"native":false},{"column":3,"file":"C:\\Users\\NIL\\WebstormProjects\\NodeFramwork\\node_modules\\multer\\index.js","function":"allowAll","line":8,"method":null,"native":false},{"column":7,"file":"C:\\Users\\NIL\\WebstormProjects\\NodeFramwork\\node_modules\\multer\\index.js","function":"wrappedFileFilter","line":44,"method":null,"native":false},{"column":7,"file":"C:\\Users\\NIL\\WebstormProjects\\NodeFramwork\\node_modules\\multer\\lib\\make-middleware.js","function":null,"line":114,"method":null,"native":false},{"column":13,"file":"events.js","function":"emitMany","line":147,"method":null,"native":false},{"column":7,"file":"events.js","function":"Busboy.emit","line":224,"method":"emit","native":false},{"column":33,"file":"C:\\Users\\NIL\\WebstormProjects\\NodeFramwork\\node_modules\\busboy\\lib\\main.js","function":"Busboy.emit","line":38,"method":"emit","native":false},{"column":13,"file":"C:\\Users\\NIL\\WebstormProjects\\NodeFramwork\\node_modules\\busboy\\lib\\types\\multipart.js","function":null,"line":213,"method":null,"native":false}],"stack":["ReferenceError: fs is not defined","    at DiskStorage.destination [as getDestination] (C:\\Users\\NIL\\WebstormProjects\\NodeFramwork\\modules\\upload\\index.js:8:4)","    at DiskStorage._handleFile (C:\\Users\\NIL\\WebstormProjects\\NodeFramwork\\node_modules\\multer\\storage\\disk.js:31:8)","    at C:\\Users\\NIL\\WebstormProjects\\NodeFramwork\\node_modules\\multer\\lib\\make-middleware.js:144:17","    at allowAll (C:\\Users\\NIL\\WebstormProjects\\NodeFramwork\\node_modules\\multer\\index.js:8:3)","    at wrappedFileFilter (C:\\Users\\NIL\\WebstormProjects\\NodeFramwork\\node_modules\\multer\\index.js:44:7)","    at Busboy.<anonymous> (C:\\Users\\NIL\\WebstormProjects\\NodeFramwork\\node_modules\\multer\\lib\\make-middleware.js:114:7)","    at emitMany (events.js:147:13)","    at Busboy.emit (events.js:224:7)","    at Busboy.emit (C:\\Users\\NIL\\WebstormProjects\\NodeFramwork\\node_modules\\busboy\\lib\\main.js:38:33)","    at PartStream.<anonymous> (C:\\Users\\NIL\\WebstormProjects\\NodeFramwork\\node_modules\\busboy\\lib\\types\\multipart.js:213:13)"],"level":"error","message":"uncaughtException: fs is not defined","timestamp":"2018-02-04T04:06:13.448Z"}
{"level":"info","message":"Server listening on :: @ 8080","timestamp":"2018-02-04T04:06:58.805Z"}
{"level":"info","message":"authHandler :: ","timestamp":"2018-02-04T04:07:01.480Z"}
{"level":"info","message":"authHandler :: ","timestamp":"2018-02-04T04:07:42.238Z"}
{"level":"info","message":"Server listening on :: @ 8080","timestamp":"2018-02-04T04:08:24.689Z"}
{"level":"info","message":"authHandler :: ","timestamp":"2018-02-04T04:08:28.210Z"}
{"level":"info","message":"Server listening on :: @ 8080","timestamp":"2018-02-04T04:09:39.691Z"}
{"level":"info","message":"authHandler :: ","timestamp":"2018-02-04T04:09:49.987Z"}
{"level":"info","message":"Server listening on :: @ 8080","timestamp":"2018-02-04T04:10:13.752Z"}
{"level":"info","message":"authHandler :: ","timestamp":"2018-02-04T04:10:15.596Z"}
{"level":"info","message":"authHandler :: ","timestamp":"2018-02-04T04:10:44.515Z"}
{"level":"info","message":"Server listening on :: @ 8080","timestamp":"2018-02-04T04:20:53.170Z"}
{"level":"info","message":"authHandler :: ","timestamp":"2018-02-04T04:21:10.825Z"}
{"date":"Sun Feb 04 2018 05:27:49 GMT+0100 (W. Europe Standard Time)","process":{"pid":17500,"uid":null,"gid":null,"cwd":"C:\\Users\\NIL\\WebstormProjects\\NodeFramwork","execPath":"C:\\Program Files\\nodejs\\node.exe","version":"v8.9.4","argv":["C:\\Program Files\\nodejs\\node.exe","C:\\Users\\NIL\\WebstormProjects\\NodeFramwork\\server.js"],"memoryUsage":{"rss":49516544,"heapTotal":36196352,"heapUsed":24987416,"external":532854}},"os":{"loadavg":[0,0,0],"uptime":344493.2696055},"trace":[{"column":11,"file":"util.js","function":"Object._errnoException","line":1022,"method":"_errnoException","native":false},{"column":20,"file":"util.js","function":"_exceptionWithHostPort","line":1044,"method":null,"native":false},{"column":14,"file":"net.js","function":"Server.setupListenHandle [as _listen2]","line":1351,"method":"setupListenHandle [as _listen2]","native":false},{"column":12,"file":"net.js","function":"listenInCluster","line":1392,"method":null,"native":false},{"column":7,"file":"net.js","function":"Server.listen","line":1476,"method":"listen","native":false},{"column":24,"file":"C:\\Users\\NIL\\WebstormProjects\\NodeFramwork\\node_modules\\express\\lib\\application.js","function":"Function.listen","line":618,"method":"listen","native":false},{"column":16,"file":"C:\\Users\\NIL\\WebstormProjects\\NodeFramwork\\server.js","function":null,"line":2,"method":null,"native":false},{"column":30,"file":"module.js","function":"Module._compile","line":643,"method":"_compile","native":false},{"column":10,"file":"module.js","function":"Module._extensions..js","line":654,"method":".js","native":false},{"column":32,"file":"module.js","function":"Module.load","line":556,"method":"load","native":false}],"stack":["Error: listen EADDRINUSE :::8080","    at Object._errnoException (util.js:1022:11)","    at _exceptionWithHostPort (util.js:1044:20)","    at Server.setupListenHandle [as _listen2] (net.js:1351:14)","    at listenInCluster (net.js:1392:12)","    at Server.listen (net.js:1476:7)","    at Function.listen (C:\\Users\\NIL\\WebstormProjects\\NodeFramwork\\node_modules\\express\\lib\\application.js:618:24)","    at Object.<anonymous> (C:\\Users\\NIL\\WebstormProjects\\NodeFramwork\\server.js:2:16)","    at Module._compile (module.js:643:30)","    at Object.Module._extensions..js (module.js:654:10)","    at Module.load (module.js:556:32)"],"level":"error","message":"uncaughtException: listen EADDRINUSE :::8080","timestamp":"2018-02-04T04:27:49.847Z"}
{"date":"Sun Feb 04 2018 05:27:53 GMT+0100 (W. Europe Standard Time)","process":{"pid":9156,"uid":null,"gid":null,"cwd":"C:\\Users\\NIL\\WebstormProjects\\NodeFramwork","execPath":"C:\\Program Files\\nodejs\\node.exe","version":"v8.9.4","argv":["C:\\Program Files\\nodejs\\node.exe","C:\\Users\\NIL\\WebstormProjects\\NodeFramwork\\server.js"],"memoryUsage":{"rss":49577984,"heapTotal":36196352,"heapUsed":24970200,"external":532854}},"os":{"loadavg":[0,0,0],"uptime":344496.8991974},"trace":[{"column":11,"file":"util.js","function":"Object._errnoException","line":1022,"method":"_errnoException","native":false},{"column":20,"file":"util.js","function":"_exceptionWithHostPort","line":1044,"method":null,"native":false},{"column":14,"file":"net.js","function":"Server.setupListenHandle [as _listen2]","line":1351,"method":"setupListenHandle [as _listen2]","native":false},{"column":12,"file":"net.js","function":"listenInCluster","line":1392,"method":null,"native":false},{"column":7,"file":"net.js","function":"Server.listen","line":1476,"method":"listen","native":false},{"column":24,"file":"C:\\Users\\NIL\\WebstormProjects\\NodeFramwork\\node_modules\\express\\lib\\application.js","function":"Function.listen","line":618,"method":"listen","native":false},{"column":16,"file":"C:\\Users\\NIL\\WebstormProjects\\NodeFramwork\\server.js","function":null,"line":2,"method":null,"native":false},{"column":30,"file":"module.js","function":"Module._compile","line":643,"method":"_compile","native":false},{"column":10,"file":"module.js","function":"Module._extensions..js","line":654,"method":".js","native":false},{"column":32,"file":"module.js","function":"Module.load","line":556,"method":"load","native":false}],"stack":["Error: listen EADDRINUSE :::8080","    at Object._errnoException (util.js:1022:11)","    at _exceptionWithHostPort (util.js:1044:20)","    at Server.setupListenHandle [as _listen2] (net.js:1351:14)","    at listenInCluster (net.js:1392:12)","    at Server.listen (net.js:1476:7)","    at Function.listen (C:\\Users\\NIL\\WebstormProjects\\NodeFramwork\\node_modules\\express\\lib\\application.js:618:24)","    at Object.<anonymous> (C:\\Users\\NIL\\WebstormProjects\\NodeFramwork\\server.js:2:16)","    at Module._compile (module.js:643:30)","    at Object.Module._extensions..js (module.js:654:10)","    at Module.load (module.js:556:32)"],"level":"error","message":"uncaughtException: listen EADDRINUSE :::8080","timestamp":"2018-02-04T04:27:53.476Z"}
{"level":"info","message":"Server listening on :: @ 8080","timestamp":"2018-02-04T04:28:35.892Z"}
{"date":"Sun Feb 04 2018 05:47:50 GMT+0100 (W. Europe Standard Time)","process":{"pid":17932,"uid":null,"gid":null,"cwd":"C:\\Users\\NIL\\WebstormProjects\\NodeFramwork","execPath":"C:\\Program Files\\nodejs\\node.exe","version":"v8.9.4","argv":["C:\\Program Files\\nodejs\\node.exe","C:\\Users\\NIL\\WebstormProjects\\NodeFramwork\\server.js"],"memoryUsage":{"rss":40869888,"heapTotal":23601152,"heapUsed":17624000,"external":251250}},"os":{"loadavg":[0,0,0],"uptime":345694.3509028},"trace":[{"column":19,"file":"C:\\Users\\NIL\\WebstormProjects\\NodeFramwork\\config\\express.js","function":"configureApp","line":78,"method":null,"native":false},{"column":2,"file":"C:\\Users\\NIL\\WebstormProjects\\NodeFramwork\\config\\express.js","function":"module.exports","line":23,"method":"exports","native":false},{"column":28,"file":"C:\\Users\\NIL\\WebstormProjects\\NodeFramwork\\app.js","function":null,"line":12,"method":null,"native":false},{"column":30,"file":"module.js","function":"Module._compile","line":643,"method":"_compile","native":false},{"column":10,"file":"module.js","function":"Module._extensions..js","line":654,"method":".js","native":false},{"column":32,"file":"module.js","function":"Module.load","line":556,"method":"load","native":false},{"column":12,"file":"module.js","function":"tryModuleLoad","line":499,"method":null,"native":false},{"column":3,"file":"module.js","function":"Module._load","line":491,"method":"_load","native":false},{"column":17,"file":"module.js","function":"Module.require","line":587,"method":"require","native":false},{"column":18,"file":"internal/module.js","function":"require","line":11,"method":null,"native":false}],"stack":["TypeError: response.handler is not a function","    at configureApp (C:\\Users\\NIL\\WebstormProjects\\NodeFramwork\\config\\express.js:78:19)","    at module.exports (C:\\Users\\NIL\\WebstormProjects\\NodeFramwork\\config\\express.js:23:2)","    at Object.<anonymous> (C:\\Users\\NIL\\WebstormProjects\\NodeFramwork\\app.js:12:28)","    at Module._compile (module.js:643:30)","    at Object.Module._extensions..js (module.js:654:10)","    at Module.load (module.js:556:32)","    at tryModuleLoad (module.js:499:12)","    at Function.Module._load (module.js:491:3)","    at Module.require (module.js:587:17)","    at require (internal/module.js:11:18)"],"level":"error","message":"uncaughtException: response.handler is not a function","timestamp":"2018-02-04T04:47:50.930Z"}
{"level":"info","message":"Server listening on :: @ 8080","timestamp":"2018-02-04T04:48:53.998Z"}
{"level":"info","message":"Server listening on :: @ 8080","timestamp":"2018-02-04T04:49:08.137Z"}
{"level":"info","message":"In Login","timestamp":"2018-02-04T04:49:13.129Z"}
{"level":"info","message":"User authenticated successfully : cornelialott@emtrak.com","timestamp":"2018-02-04T04:49:13.131Z"}
{"level":"info","message":"User verified successfully","timestamp":"2018-02-04T04:49:25.166Z"}
{"level":"warn","message":"Invalid Token : eyJhbGciOiJIUzI1NiIsInR5cCI6IkpXVCJ9.eyJpZCI6IjU5Nzc3ZjNmZGFkZDFkMjZjYzJhMjA5MyIsImlhdCI6MTUxNzcxMDk5MSwiZXhwIjoxNTE3NzE4MTkxfQ.DqUnWoECkp6wqQ9ux-Xr09P0zZu-MbV0HSHAwOyqZb4","timestamp":"2018-02-04T04:49:36.156Z"}
{"level":"info","message":"User verified successfully","timestamp":"2018-02-04T04:49:43.873Z"}
{"level":"warn","message":"Invalid Token : eyJhbGciOiJIUzI1NiIsInR5cCI6IkpXVCJ9.eyJpZCI6IjU5Nzc3ZjNmZGFkZDFkMjZjYzJhMjA5MyIsImlhdCI6MTUxNzcxMDk5MSwiZXhwIjoxNTE3NzE4MTkxfQ.DqUnWoECkp6wqQ9ux-Xr09P0zZu-MbV0HSHAwOyqZb4","timestamp":"2018-02-04T04:50:10.723Z"}
{"level":"info","message":"User verified successfully","timestamp":"2018-02-04T04:50:17.559Z"}
{"level":"info","message":"User verified successfully","timestamp":"2018-02-04T04:50:24.733Z"}
{"level":"warn","message":"Invalid Token : eyJhbGciOiJIUzI1NiIsInR5cCI6IkpXVCJ9.eyJpZCI6IjU5Nzc3ZjNmZGFkZDFkMjZjYzJhMjA5MyIsImlhdCI6MTUxNzcxMDk5MSwiZXhwIjoxNTE3NzE4MTkxfQ.DqUnWoECkp6wqQ9ux-Xr09P0zZu-MbV0HSHAwOyqZb4","timestamp":"2018-02-04T04:50:43.533Z"}
{"level":"info","message":"User verified successfully","timestamp":"2018-02-04T04:52:20.471Z"}
{"level":"info","message":"In Login","timestamp":"2018-02-04T05:04:28.788Z"}
{"level":"info","message":"User authenticated successfully : cornelialott@emtrak.com","timestamp":"2018-02-04T05:04:28.789Z"}
{"level":"info","message":"In Login","timestamp":"2018-02-04T05:04:33.063Z"}
{"level":"error","message":"User details not found : cornelialott@emtrak.com","timestamp":"2018-02-04T05:04:33.063Z"}
{"level":"info","message":"User verified successfully","timestamp":"2018-02-04T05:05:12.175Z"}
{"level":"warn","message":"Invalid Token : eyJhbGciOiJIUzI1NiIsInR5cCI6IkpXVCJ9.eyJpZCI6IjU5Nzc3ZjNmZGFkZDFkMjZjYzJhMjA5MyIsImlhdCI6MTUxNzcxMDk5MSwiZXhwIjoxNTE3NzE4MTkxfQ.DqUnWoECkp6wqQ9ux-Xr09P0zZu-MbV0HSHAwOyqZb4","timestamp":"2018-02-04T05:06:07.033Z"}
{"level":"info","message":"In Login","timestamp":"2018-02-04T05:16:14.284Z"}
{"level":"error","message":"User details not found : cornelialott@emtrak.com","timestamp":"2018-02-04T05:16:14.285Z"}
{"level":"info","message":"In Login","timestamp":"2018-02-04T05:16:19.064Z"}
{"level":"info","message":"User authenticated successfully : cornelialott@emtrak.com","timestamp":"2018-02-04T05:16:19.065Z"}
{"level":"info","message":"In Login","timestamp":"2018-02-04T16:08:31.108Z"}
{"level":"info","message":"User authenticated successfully : cornelialott@emtrak.com","timestamp":"2018-02-04T16:08:31.110Z"}
{"level":"warn","message":"Invalid Token : eyJhbGciOiJIUzI1NiIsInR5cCI6IkpXVCJ9.eyJpZCI6IjU5Nzc3ZjNmZGFkZDFkMjZjYzJhMjA5MyIsImlhdCI6MTUxNzcxOTc1MywiZXhwIjoxNTE3NzI2OTUzfQ.8YDgQIbOhe1Hver97gwNCw7GHRFpAjEEYoYLXN2tTyU","timestamp":"2018-02-04T16:08:37.125Z"}
{"level":"info","message":"Server listening on :: @ 8080","timestamp":"2018-02-04T16:09:58.955Z"}
{"level":"warn","message":"Invalid Token : eyJhbGciOiJIUzI1NiIsInR5cCI6IkpXVCJ9.eyJpZCI6IjU5Nzc3ZjNmZGFkZDFkMjZjYzJhMjA5MyIsImlhdCI6MTUxNzcxOTc1MywiZXhwIjoxNTE3NzI2OTUzfQ.8YDgQIbOhe1Hver97gwNCw7GHRFpAjEEYoYLXN2tTyU","timestamp":"2018-02-04T16:10:05.170Z"}
{"level":"info","message":"In Login","timestamp":"2018-02-04T16:10:09.338Z"}
{"level":"info","message":"User authenticated successfully : cornelialott@emtrak.com","timestamp":"2018-02-04T16:10:09.339Z"}
{"level":"info","message":"In Login","timestamp":"2018-02-04T16:10:42.852Z"}
{"level":"info","message":"User authenticated successfully : mirandasoto@emtrak.com","timestamp":"2018-02-04T16:10:42.853Z"}
{"level":"warn","message":"Invalid Token : eyJhbGciOiJIUzI1NiIsInR5cCI6IkpXVCJ9.eyJpZCI6IjU5Nzc3ZjNmZGFkZDFkMjZjYzJhMjA5MyIsImlhdCI6MTUxNzcxOTc1MywiZXhwIjoxNTE3NzI2OTUzfQ.8YDgQIbOhe1Hver97gwNCw7GHRFpAjEEYoYLXN2tTyU","timestamp":"2018-02-04T16:11:23.475Z"}
{"level":"info","message":"User verified successfully","timestamp":"2018-02-04T16:11:29.912Z"}
{"level":"info","message":"File uploaded successfully","timestamp":"2018-02-04T16:11:29.944Z"}
{"level":"info","message":"Server listening on :: @ 8080","timestamp":"2018-02-04T16:11:57.304Z"}
{"level":"info","message":"User verified successfully","timestamp":"2018-02-04T16:12:02.124Z"}
{"level":"info","message":"File uploaded successfully","timestamp":"2018-02-04T16:12:02.138Z"}
{"level":"info","message":"User verified successfully","timestamp":"2018-02-04T16:12:22.551Z"}
{"date":"Sun Feb 04 2018 17:12:22 GMT+0100 (W. Europe Standard Time)","process":{"pid":596,"uid":null,"gid":null,"cwd":"C:\\Users\\NIL\\WebstormProjects\\NodeFramwork","execPath":"C:\\Program Files\\nodejs\\node.exe","version":"v8.9.4","argv":["C:\\Program Files\\nodejs\\node.exe","C:\\Users\\NIL\\WebstormProjects\\NodeFramwork\\server.js"],"memoryUsage":{"rss":41426944,"heapTotal":21958656,"heapUsed":17780488,"external":170919}},"os":{"loadavg":[0,0,0],"uptime":386765.9924005},"trace":[{"column":12,"file":"C:\\Users\\NIL\\WebstormProjects\\NodeFramwork\\modules\\upload\\index.js","function":null,"line":43,"method":null,"native":false},{"column":37,"file":"C:\\Users\\NIL\\WebstormProjects\\NodeFramwork\\node_modules\\multer\\lib\\make-middleware.js","function":null,"line":53,"method":null,"native":false},{"column":15,"file":"C:\\Users\\NIL\\WebstormProjects\\NodeFramwork\\node_modules\\on-finished\\index.js","function":"listener","line":169,"method":null,"native":false},{"column":5,"file":"C:\\Users\\NIL\\WebstormProjects\\NodeFramwork\\node_modules\\on-finished\\index.js","function":"onFinish","line":100,"method":null,"native":false},{"column":10,"file":"C:\\Users\\NIL\\WebstormProjects\\NodeFramwork\\node_modules\\ee-first\\index.js","function":"callback","line":55,"method":null,"native":false},{"column":5,"file":"C:\\Users\\NIL\\WebstormProjects\\NodeFramwork\\node_modules\\ee-first\\index.js","function":"IncomingMessage.onevent","line":93,"method":"onevent","native":false},{"column":13,"file":"events.js","function":"emitNone","line":106,"method":null,"native":false},{"column":7,"file":"events.js","function":"IncomingMessage.emit","line":208,"method":"emit","native":false},{"column":12,"file":"_stream_readable.js","function":"endReadableNT","line":1055,"method":null,"native":false},{"column":11,"file":"internal/process/next_tick.js","function":"_combinedTickCallback","line":138,"method":null,"native":false}],"stack":["TypeError: logger.err is not a function","    at C:\\Users\\NIL\\WebstormProjects\\NodeFramwork\\modules\\upload\\index.js:43:12","    at Array.<anonymous> (C:\\Users\\NIL\\WebstormProjects\\NodeFramwork\\node_modules\\multer\\lib\\make-middleware.js:53:37)","    at listener (C:\\Users\\NIL\\WebstormProjects\\NodeFramwork\\node_modules\\on-finished\\index.js:169:15)","    at onFinish (C:\\Users\\NIL\\WebstormProjects\\NodeFramwork\\node_modules\\on-finished\\index.js:100:5)","    at callback (C:\\Users\\NIL\\WebstormProjects\\NodeFramwork\\node_modules\\ee-first\\index.js:55:10)","    at IncomingMessage.onevent (C:\\Users\\NIL\\WebstormProjects\\NodeFramwork\\node_modules\\ee-first\\index.js:93:5)","    at emitNone (events.js:106:13)","    at IncomingMessage.emit (events.js:208:7)","    at endReadableNT (_stream_readable.js:1055:12)","    at _combinedTickCallback (internal/process/next_tick.js:138:11)"],"level":"error","message":"uncaughtException: logger.err is not a function","timestamp":"2018-02-04T16:12:22.569Z"}
{"date":"Sun Feb 04 2018 17:13:04 GMT+0100 (W. Europe Standard Time)","process":{"pid":19264,"uid":null,"gid":null,"cwd":"C:\\Users\\NIL\\WebstormProjects\\NodeFramwork","execPath":"C:\\Program Files\\nodejs\\node.exe","version":"v8.9.4","argv":["C:\\Program Files\\nodejs\\node.exe","C:\\Users\\NIL\\WebstormProjects\\NodeFramwork\\server.js"],"memoryUsage":{"rss":49356800,"heapTotal":36720640,"heapUsed":24780160,"external":510844}},"os":{"loadavg":[0,0,0],"uptime":386807.9258987},"trace":[{"column":11,"file":"util.js","function":"Object._errnoException","line":1022,"method":"_errnoException","native":false},{"column":20,"file":"util.js","function":"_exceptionWithHostPort","line":1044,"method":null,"native":false},{"column":14,"file":"net.js","function":"Server.setupListenHandle [as _listen2]","line":1351,"method":"setupListenHandle [as _listen2]","native":false},{"column":12,"file":"net.js","function":"listenInCluster","line":1392,"method":null,"native":false},{"column":7,"file":"net.js","function":"Server.listen","line":1476,"method":"listen","native":false},{"column":24,"file":"C:\\Users\\NIL\\WebstormProjects\\NodeFramwork\\node_modules\\express\\lib\\application.js","function":"Function.listen","line":618,"method":"listen","native":false},{"column":16,"file":"C:\\Users\\NIL\\WebstormProjects\\NodeFramwork\\server.js","function":null,"line":2,"method":null,"native":false},{"column":30,"file":"module.js","function":"Module._compile","line":643,"method":"_compile","native":false},{"column":10,"file":"module.js","function":"Module._extensions..js","line":654,"method":".js","native":false},{"column":32,"file":"module.js","function":"Module.load","line":556,"method":"load","native":false}],"stack":["Error: listen EADDRINUSE :::8080","    at Object._errnoException (util.js:1022:11)","    at _exceptionWithHostPort (util.js:1044:20)","    at Server.setupListenHandle [as _listen2] (net.js:1351:14)","    at listenInCluster (net.js:1392:12)","    at Server.listen (net.js:1476:7)","    at Function.listen (C:\\Users\\NIL\\WebstormProjects\\NodeFramwork\\node_modules\\express\\lib\\application.js:618:24)","    at Object.<anonymous> (C:\\Users\\NIL\\WebstormProjects\\NodeFramwork\\server.js:2:16)","    at Module._compile (module.js:643:30)","    at Object.Module._extensions..js (module.js:654:10)","    at Module.load (module.js:556:32)"],"level":"error","message":"uncaughtException: listen EADDRINUSE :::8080","timestamp":"2018-02-04T16:13:04.502Z"}
{"date":"Sun Feb 04 2018 17:13:21 GMT+0100 (W. Europe Standard Time)","process":{"pid":16468,"uid":null,"gid":null,"cwd":"C:\\Users\\NIL\\WebstormProjects\\NodeFramwork","execPath":"C:\\Program Files\\nodejs\\node.exe","version":"v8.9.4","argv":["C:\\Program Files\\nodejs\\node.exe","C:\\Users\\NIL\\WebstormProjects\\NodeFramwork\\server.js"],"memoryUsage":{"rss":49352704,"heapTotal":36720640,"heapUsed":24777256,"external":510844}},"os":{"loadavg":[0,0,0],"uptime":386824.6230337},"trace":[{"column":11,"file":"util.js","function":"Object._errnoException","line":1022,"method":"_errnoException","native":false},{"column":20,"file":"util.js","function":"_exceptionWithHostPort","line":1044,"method":null,"native":false},{"column":14,"file":"net.js","function":"Server.setupListenHandle [as _listen2]","line":1351,"method":"setupListenHandle [as _listen2]","native":false},{"column":12,"file":"net.js","function":"listenInCluster","line":1392,"method":null,"native":false},{"column":7,"file":"net.js","function":"Server.listen","line":1476,"method":"listen","native":false},{"column":24,"file":"C:\\Users\\NIL\\WebstormProjects\\NodeFramwork\\node_modules\\express\\lib\\application.js","function":"Function.listen","line":618,"method":"listen","native":false},{"column":16,"file":"C:\\Users\\NIL\\WebstormProjects\\NodeFramwork\\server.js","function":null,"line":2,"method":null,"native":false},{"column":30,"file":"module.js","function":"Module._compile","line":643,"method":"_compile","native":false},{"column":10,"file":"module.js","function":"Module._extensions..js","line":654,"method":".js","native":false},{"column":32,"file":"module.js","function":"Module.load","line":556,"method":"load","native":false}],"stack":["Error: listen EADDRINUSE :::8080","    at Object._errnoException (util.js:1022:11)","    at _exceptionWithHostPort (util.js:1044:20)","    at Server.setupListenHandle [as _listen2] (net.js:1351:14)","    at listenInCluster (net.js:1392:12)","    at Server.listen (net.js:1476:7)","    at Function.listen (C:\\Users\\NIL\\WebstormProjects\\NodeFramwork\\node_modules\\express\\lib\\application.js:618:24)","    at Object.<anonymous> (C:\\Users\\NIL\\WebstormProjects\\NodeFramwork\\server.js:2:16)","    at Module._compile (module.js:643:30)","    at Object.Module._extensions..js (module.js:654:10)","    at Module.load (module.js:556:32)"],"level":"error","message":"uncaughtException: listen EADDRINUSE :::8080","timestamp":"2018-02-04T16:13:21.201Z"}
{"level":"info","message":"Server listening on :: @ 8080","timestamp":"2018-02-04T16:14:12.341Z"}
{"level":"info","message":"User verified successfully","timestamp":"2018-02-04T16:14:16.685Z"}
{"level":"info","message":"Server listening on :: @ 8080","timestamp":"2018-02-04T16:14:32.161Z"}
{"level":"info","message":"User verified successfully","timestamp":"2018-02-04T16:14:34.557Z"}
{"level":"error","message":"Invalid File","timestamp":"2018-02-04T16:14:34.570Z"}
{"level":"info","message":"In Login","timestamp":"2018-02-04T16:24:59.832Z"}
{"level":"info","message":"User authenticated successfully : mirandasoto@emtrak.com","timestamp":"2018-02-04T16:24:59.835Z"}
{"level":"info","message":"User verified successfully","timestamp":"2018-02-04T16:25:10.695Z"}
{"level":"info","message":"User verified successfully","timestamp":"2018-02-04T16:35:09.975Z"}
{"level":"info","message":"User verified successfully","timestamp":"2018-02-04T16:35:28.370Z"}
{"level":"info","message":"User verified successfully","timestamp":"2018-02-04T16:38:34.498Z"}
{"level":"info","message":"User verified successfully","timestamp":"2018-02-04T16:41:38.487Z"}
{"level":"info","message":"User verified successfully","timestamp":"2018-02-04T16:44:03.164Z"}
{"level":"info","message":"User verified successfully","timestamp":"2018-02-04T16:44:27.833Z"}
{"level":"info","message":"User verified successfully","timestamp":"2018-02-04T16:44:43.029Z"}
{"level":"info","message":"User verified successfully","timestamp":"2018-02-04T16:45:31.352Z"}
{"level":"info","message":"User verified successfully","timestamp":"2018-02-04T16:46:10.192Z"}
{"level":"info","message":"User verified successfully","timestamp":"2018-02-04T16:46:27.444Z"}
{"level":"info","message":"User verified successfully","timestamp":"2018-02-04T16:47:59.135Z"}
{"level":"info","message":"User verified successfully","timestamp":"2018-02-04T16:48:28.313Z"}
{"level":"info","message":"User verified successfully","timestamp":"2018-02-04T16:49:02.775Z"}
{"date":"Sun Feb 04 2018 17:49:16 GMT+0100 (W. Europe Standard Time)","process":{"pid":11276,"uid":null,"gid":null,"cwd":"C:\\Users\\NIL\\WebstormProjects\\NodeFramwork","execPath":"C:\\Program Files\\nodejs\\node.exe","version":"v8.9.4","argv":["C:\\Program Files\\nodejs\\node.exe","C:\\Users\\NIL\\WebstormProjects\\NodeFramwork\\test"],"memoryUsage":{"rss":52158464,"heapTotal":37769216,"heapUsed":22441104,"external":171557}},"os":{"loadavg":[0,0,0],"uptime":388979.7927525},"trace":[{"column":1,"file":"C:\\Users\\NIL\\WebstormProjects\\NodeFramwork\\test\\index.js","function":null,"line":7,"method":null,"native":false},{"column":30,"file":"module.js","function":"Module._compile","line":643,"method":"_compile","native":false},{"column":10,"file":"module.js","function":"Module._extensions..js","line":654,"method":".js","native":false},{"column":32,"file":"module.js","function":"Module.load","line":556,"method":"load","native":false},{"column":12,"file":"module.js","function":"tryModuleLoad","line":499,"method":null,"native":false},{"column":3,"file":"module.js","function":"Module._load","line":491,"method":"_load","native":false},{"column":10,"file":"module.js","function":"Module.runMain","line":684,"method":"runMain","native":false},{"column":16,"file":"bootstrap_node.js","function":"startup","line":187,"method":null,"native":false},{"column":3,"file":"bootstrap_node.js","function":null,"line":608,"method":null,"native":false}],"stack":["ReferenceError: describe is not defined","    at Object.<anonymous> (C:\\Users\\NIL\\WebstormProjects\\NodeFramwork\\test\\index.js:7:1)","    at Module._compile (module.js:643:30)","    at Object.Module._extensions..js (module.js:654:10)","    at Module.load (module.js:556:32)","    at tryModuleLoad (module.js:499:12)","    at Function.Module._load (module.js:491:3)","    at Function.Module.runMain (module.js:684:10)","    at startup (bootstrap_node.js:187:16)","    at bootstrap_node.js:608:3"],"level":"error","message":"uncaughtException: describe is not defined","timestamp":"2018-02-04T16:49:16.370Z"}
{"level":"info","message":"User verified successfully","timestamp":"2018-02-04T16:50:13.149Z"}
{"level":"info","message":"User verified successfully","timestamp":"2018-02-04T16:51:27.528Z"}
{"level":"info","message":"In Login","timestamp":"2018-02-04T16:55:52.944Z"}
{"level":"info","message":"User authenticated successfully : cornelialott@emtrak.com","timestamp":"2018-02-04T16:55:52.948Z"}
{"level":"info","message":"User verified successfully","timestamp":"2018-02-04T16:55:54.930Z"}
{"level":"info","message":"In Login","timestamp":"2018-02-04T16:57:51.463Z"}
{"level":"info","message":"User authenticated successfully : cornelialott@emtrak.com","timestamp":"2018-02-04T16:57:51.472Z"}
{"level":"info","message":"User verified successfully","timestamp":"2018-02-04T16:57:53.427Z"}
{"level":"info","message":"In Login","timestamp":"2018-02-04T16:59:08.918Z"}
{"level":"info","message":"User authenticated successfully : cornelialott@emtrak.com","timestamp":"2018-02-04T16:59:08.921Z"}
{"level":"info","message":"User verified successfully","timestamp":"2018-02-04T16:59:10.923Z"}
{"level":"info","message":"In Login","timestamp":"2018-02-04T16:59:46.837Z"}
{"level":"info","message":"User authenticated successfully : cornelialott@emtrak.com","timestamp":"2018-02-04T16:59:46.841Z"}
{"level":"info","message":"User verified successfully","timestamp":"2018-02-04T16:59:48.814Z"}
{"level":"info","message":"In Login","timestamp":"2018-02-04T17:00:08.941Z"}
{"level":"info","message":"User authenticated successfully : cornelialott@emtrak.com","timestamp":"2018-02-04T17:00:08.947Z"}
{"level":"info","message":"User verified successfully","timestamp":"2018-02-04T17:00:11.498Z"}
{"level":"info","message":"In Login","timestamp":"2018-02-04T17:02:27.711Z"}
{"level":"info","message":"User authenticated successfully : cornelialott@emtrak.com","timestamp":"2018-02-04T17:02:27.714Z"}
{"level":"info","message":"User verified successfully","timestamp":"2018-02-04T17:02:30.235Z"}
{"level":"info","message":"In Login","timestamp":"2018-02-04T17:02:51.715Z"}
{"level":"info","message":"User authenticated successfully : cornelialott@emtrak.com","timestamp":"2018-02-04T17:02:51.718Z"}
{"level":"info","message":"User verified successfully","timestamp":"2018-02-04T17:02:54.241Z"}
{"level":"info","message":"In Login","timestamp":"2018-02-04T17:03:35.068Z"}
{"level":"info","message":"User authenticated successfully : cornelialott@emtrak.com","timestamp":"2018-02-04T17:03:35.073Z"}
{"level":"info","message":"User verified successfully","timestamp":"2018-02-04T17:03:37.609Z"}
{"level":"info","message":"In Login","timestamp":"2018-02-04T17:05:59.436Z"}
{"level":"info","message":"User authenticated successfully : cornelialott@emtrak.com","timestamp":"2018-02-04T17:05:59.441Z"}
{"level":"info","message":"User verified successfully","timestamp":"2018-02-04T17:06:01.975Z"}
{"level":"info","message":"In Login","timestamp":"2018-02-04T17:08:08.836Z"}
{"level":"info","message":"User authenticated successfully : cornelialott@emtrak.com","timestamp":"2018-02-04T17:08:08.848Z"}
{"level":"info","message":"User verified successfully","timestamp":"2018-02-04T17:08:11.425Z"}
{"level":"info","message":"In Login","timestamp":"2018-02-04T18:45:42.300Z"}
{"level":"info","message":"User authenticated successfully : cornelialott@emtrak.com","timestamp":"2018-02-04T18:45:42.316Z"}
{"level":"info","message":"User verified successfully","timestamp":"2018-02-04T18:45:44.832Z"}
{"level":"info","message":"User verified successfully","timestamp":"2018-02-04T18:45:47.363Z"}
{"level":"info","message":"In Login","timestamp":"2018-02-04T18:52:20.551Z"}
{"level":"info","message":"User authenticated successfully : cornelialott@emtrak.com","timestamp":"2018-02-04T18:52:20.551Z"}
{"level":"info","message":"User verified successfully","timestamp":"2018-02-04T18:52:23.086Z"}
{"level":"info","message":"User verified successfully","timestamp":"2018-02-04T18:52:25.764Z"}
{"level":"info","message":"In Login","timestamp":"2018-02-04T18:52:51.838Z"}
{"level":"info","message":"User authenticated successfully : cornelialott@emtrak.com","timestamp":"2018-02-04T18:52:51.846Z"}
{"level":"info","message":"User verified successfully","timestamp":"2018-02-04T18:52:54.366Z"}
{"level":"info","message":"User verified successfully","timestamp":"2018-02-04T18:52:56.888Z"}
{"level":"warn","message":"Invalid Token : eyJhbGciOiJIUzI1NiIsInR5cCI6IkpXVCJ9.eyJpZCI6IjU5Nzc3ZjNmMjZlZTc1MmU2NzI2ZTE4ZiIsImlhdCI6MTUxNzc2MTQ5OSwiZXhwIjoxNTE3NzY4Njk5fQ.s-T6aSo1HX2dy68FBSrMBNjIJQJzq_l6XYWnPXSlsZY","timestamp":"2018-02-04T18:54:05.463Z"}
{"level":"info","message":"In Login","timestamp":"2018-02-04T18:54:09.814Z"}
{"level":"info","message":"User authenticated successfully : mirandasoto@emtrak.com","timestamp":"2018-02-04T18:54:09.815Z"}
{"level":"info","message":"User verified successfully","timestamp":"2018-02-04T18:54:23.179Z"}
{"level":"warn","message":"Invalid Token : eyJhbGciOiJIUzI1NiIsInR5cCI6IkpXVCJ9.eyJpZCI6IjU5Nzc3ZjNmMjZlZTc1MmU2NzI2ZTE4ZiIsImlhdCI6MTUxNzc2MDY0MiwiZXhwIjoxNTE3NzY3ODQyfQ.tJHs1isk0Xfk-vsrFQBwzQBJ5-MhQ5ygtVEQ6U7299I","timestamp":"2018-02-04T18:55:22.487Z"}
{"level":"info","message":"User verified successfully","timestamp":"2018-02-04T18:55:33.956Z"}
{"level":"info","message":"User verified successfully","timestamp":"2018-02-04T18:55:46.828Z"}
{"level":"info","message":"In Login","timestamp":"2018-02-04T18:57:50.281Z"}
{"level":"info","message":"User authenticated successfully : cornelialott@emtrak.com","timestamp":"2018-02-04T18:57:50.281Z"}
{"level":"info","message":"User verified successfully","timestamp":"2018-02-04T18:57:52.801Z"}
{"level":"info","message":"User verified successfully","timestamp":"2018-02-04T18:57:55.321Z"}
{"level":"info","message":"User verified successfully","timestamp":"2018-02-04T18:57:57.843Z"}
{"level":"info","message":"In Login","timestamp":"2018-02-04T18:58:19.821Z"}
{"level":"info","message":"User authenticated successfully : cornelialott@emtrak.com","timestamp":"2018-02-04T18:58:19.836Z"}
{"level":"info","message":"User verified successfully","timestamp":"2018-02-04T18:58:22.365Z"}
{"level":"info","message":"User verified successfully","timestamp":"2018-02-04T18:58:24.900Z"}
{"level":"info","message":"User verified successfully","timestamp":"2018-02-04T18:58:27.407Z"}
{"level":"info","message":"In Login","timestamp":"2018-02-04T19:01:15.969Z"}
{"level":"info","message":"User authenticated successfully : cornelialott@emtrak.com","timestamp":"2018-02-04T19:01:15.973Z"}
{"level":"info","message":"User verified successfully","timestamp":"2018-02-04T19:01:18.495Z"}
{"level":"info","message":"User verified successfully","timestamp":"2018-02-04T19:01:21.031Z"}
{"level":"info","message":"User verified successfully","timestamp":"2018-02-04T19:01:23.558Z"}
{"date":"Sun Feb 04 2018 20:01:26 GMT+0100 (W. Europe Standard Time)","process":{"pid":15424,"uid":null,"gid":null,"cwd":"C:\\Users\\NIL\\WebstormProjects\\NodeFramwork","execPath":"C:\\Program Files\\nodejs\\node.exe","version":"v8.9.4","argv":["C:\\Program Files\\nodejs\\node.exe","C:\\Users\\NIL\\AppData\\Roaming\\npm\\node_modules\\mocha\\bin\\_mocha","--ui","bdd","--reporter","C:\\Program Files\\JetBrains\\WebStorm 2017.3.2\\plugins\\NodeJS\\js\\mocha-intellij\\lib\\mochaIntellijReporter.js","C:\\Users\\NIL\\WebstormProjects\\NodeFramwork\\test"],"memoryUsage":{"rss":45740032,"heapTotal":25628672,"heapUsed":21462656,"external":35886}},"os":{"loadavg":[0,0,0],"uptime":396909.5041396},"trace":[{"column":11,"file":"C:\\Users\\NIL\\WebstormProjects\\NodeFramwork\\test\\index.js","function":"Timeout._onTimeout","line":136,"method":"_onTimeout","native":false},{"column":11,"file":"timers.js","function":"ontimeout","line":475,"method":null,"native":false},{"column":5,"file":"timers.js","function":"tryOnTimeout","line":310,"method":null,"native":false},{"column":5,"file":"timers.js","function":"Timer.listOnTimeout","line":270,"method":"listOnTimeout","native":false}],"stack":["ReferenceError: rentalDetails is not defined","    at Timeout._onTimeout (C:\\Users\\NIL\\WebstormProjects\\NodeFramwork\\test\\index.js:136:11)","    at ontimeout (timers.js:475:11)","    at tryOnTimeout (timers.js:310:5)","    at Timer.listOnTimeout (timers.js:270:5)"],"level":"error","message":"uncaughtException: rentalDetails is not defined","timestamp":"2018-02-04T19:01:26.077Z"}
{"level":"warn","message":"Invalid Token : eyJhbGciOiJIUzI1NiIsInR5cCI6IkpXVCJ9.eyJpZCI6IjU5Nzc3ZjNmMjZlZTc1MmU2NzI2ZTE4ZiIsImlhdCI6MTUxNzc2MDY0MiwiZXhwIjoxNTE3NzY3ODQyfQ.tJHs1isk0Xfk-vsrFQBwzQBJ5-MhQ5ygtVEQ6U7299I","timestamp":"2018-02-04T19:02:17.677Z"}
{"level":"info","message":"In Login","timestamp":"2018-02-04T19:02:22.732Z"}
{"level":"info","message":"User authenticated successfully : mirandasoto@emtrak.com","timestamp":"2018-02-04T19:02:22.732Z"}
{"level":"info","message":"User verified successfully","timestamp":"2018-02-04T19:02:34.037Z"}
{"level":"info","message":"In Login","timestamp":"2018-02-04T19:02:56.548Z"}
{"level":"info","message":"User authenticated successfully : cornelialott@emtrak.com","timestamp":"2018-02-04T19:02:56.548Z"}
{"level":"info","message":"User verified successfully","timestamp":"2018-02-04T19:02:59.078Z"}
{"level":"info","message":"User verified successfully","timestamp":"2018-02-04T19:03:01.624Z"}
{"level":"info","message":"User verified successfully","timestamp":"2018-02-04T19:03:04.150Z"}
{"level":"info","message":"User verified successfully","timestamp":"2018-02-04T19:03:06.655Z"}
{"level":"info","message":"In Login","timestamp":"2018-02-04T19:16:57.511Z"}
{"level":"info","message":"User authenticated successfully : cornelialott@emtrak.com","timestamp":"2018-02-04T19:16:57.511Z"}
{"level":"info","message":"User verified successfully","timestamp":"2018-02-04T19:17:00.033Z"}
{"level":"info","message":"User verified successfully","timestamp":"2018-02-04T19:17:02.590Z"}
{"level":"info","message":"User verified successfully","timestamp":"2018-02-04T19:17:05.096Z"}
{"level":"info","message":"User verified successfully","timestamp":"2018-02-04T19:17:07.613Z"}
{"level":"info","message":"Server listening on :: @ 8080","timestamp":"2018-02-04T19:18:30.394Z"}
{"level":"info","message":"In Login","timestamp":"2018-02-04T19:18:42.250Z"}
{"level":"info","message":"User authenticated successfully : cornelialott@emtrak.com","timestamp":"2018-02-04T19:18:42.250Z"}
{"level":"info","message":"User verified successfully","timestamp":"2018-02-04T19:18:44.769Z"}
{"level":"info","message":"User verified successfully","timestamp":"2018-02-04T19:18:47.306Z"}
{"level":"info","message":"User verified successfully","timestamp":"2018-02-04T19:18:49.824Z"}
{"level":"info","message":"User verified successfully","timestamp":"2018-02-04T19:18:52.345Z"}
{"level":"info","message":"In Login","timestamp":"2018-02-04T20:02:53.849Z"}
{"level":"info","message":"User authenticated successfully : cornelialott@emtrak.com","timestamp":"2018-02-04T20:02:53.852Z"}
{"level":"info","message":"User verified successfully","timestamp":"2018-02-04T20:02:56.404Z"}
{"level":"info","message":"File uploaded successfully","timestamp":"2018-02-04T20:02:56.418Z"}
{"level":"info","message":"In Login","timestamp":"2018-02-04T20:03:46.261Z"}
{"level":"info","message":"User authenticated successfully : cornelialott@emtrak.com","timestamp":"2018-02-04T20:03:46.266Z"}
{"level":"info","message":"User verified successfully","timestamp":"2018-02-04T20:03:48.819Z"}
{"level":"info","message":"File uploaded successfully","timestamp":"2018-02-04T20:03:48.836Z"}
{"level":"info","message":"In Login","timestamp":"2018-02-04T20:04:42.803Z"}
{"level":"info","message":"User authenticated successfully : cornelialott@emtrak.com","timestamp":"2018-02-04T20:04:42.809Z"}
{"level":"info","message":"User verified successfully","timestamp":"2018-02-04T20:04:45.359Z"}
{"level":"info","message":"File uploaded successfully","timestamp":"2018-02-04T20:04:45.374Z"}
{"level":"info","message":"In Login","timestamp":"2018-02-04T20:05:19.717Z"}
{"level":"info","message":"User authenticated successfully : cornelialott@emtrak.com","timestamp":"2018-02-04T20:05:19.720Z"}
{"level":"info","message":"User verified successfully","timestamp":"2018-02-04T20:05:22.246Z"}
{"level":"info","message":"User verified successfully","timestamp":"2018-02-04T20:05:24.813Z"}
{"level":"info","message":"User verified successfully","timestamp":"2018-02-04T20:05:27.332Z"}
{"level":"info","message":"User verified successfully","timestamp":"2018-02-04T20:05:29.855Z"}
{"level":"info","message":"User verified successfully","timestamp":"2018-02-04T20:05:32.393Z"}
{"level":"info","message":"File uploaded successfully","timestamp":"2018-02-04T20:05:32.411Z"}
{"level":"info","message":"In Login","timestamp":"2018-02-04T20:06:20.515Z"}
{"level":"info","message":"User authenticated successfully : cornelialott@emtrak.com","timestamp":"2018-02-04T20:06:20.519Z"}
{"level":"info","message":"User verified successfully","timestamp":"2018-02-04T20:06:23.050Z"}
{"level":"info","message":"User verified successfully","timestamp":"2018-02-04T20:06:25.609Z"}
{"level":"info","message":"User verified successfully","timestamp":"2018-02-04T20:06:28.131Z"}
{"level":"info","message":"User verified successfully","timestamp":"2018-02-04T20:06:30.657Z"}
{"level":"info","message":"User verified successfully","timestamp":"2018-02-04T20:06:33.197Z"}
{"level":"info","message":"File uploaded successfully","timestamp":"2018-02-04T20:06:33.224Z"}
{"level":"info","message":"In Login","timestamp":"2018-02-04T20:09:59.445Z"}
{"level":"info","message":"User authenticated successfully : cornelialott@emtrak.com","timestamp":"2018-02-04T20:09:59.455Z"}
{"level":"info","message":"In Login","timestamp":"2018-02-04T20:10:01.997Z"}
{"level":"error","message":"User details not found : panchal2207nil@gmail.com","timestamp":"2018-02-04T20:10:01.998Z"}
{"level":"info","message":"In Login","timestamp":"2018-02-04T20:10:29.352Z"}
{"level":"info","message":"User authenticated successfully : cornelialott@emtrak.com","timestamp":"2018-02-04T20:10:29.358Z"}
{"level":"info","message":"In Login","timestamp":"2018-02-04T20:10:31.889Z"}
{"level":"error","message":"User details not found : panchal2207nil@gmail.com","timestamp":"2018-02-04T20:10:31.889Z"}
{"level":"info","message":"In Login","timestamp":"2018-02-04T20:11:15.835Z"}
{"level":"info","message":"User authenticated successfully : cornelialott@emtrak.com","timestamp":"2018-02-04T20:11:15.838Z"}
{"level":"info","message":"In Login","timestamp":"2018-02-04T20:11:18.364Z"}
{"level":"error","message":"User details not found : panchal2207nil@gmail.com","timestamp":"2018-02-04T20:11:18.365Z"}
{"level":"info","message":"User verified successfully","timestamp":"2018-02-04T20:11:20.895Z"}
{"level":"info","message":"User verified successfully","timestamp":"2018-02-04T20:11:23.447Z"}
{"level":"info","message":"User verified successfully","timestamp":"2018-02-04T20:11:25.962Z"}
{"level":"info","message":"User verified successfully","timestamp":"2018-02-04T20:11:28.485Z"}
{"level":"info","message":"User verified successfully","timestamp":"2018-02-04T20:11:31.019Z"}
{"level":"info","message":"File uploaded successfully","timestamp":"2018-02-04T20:11:31.034Z"}
{"level":"info","message":"In Login","timestamp":"2018-02-04T20:12:12.538Z"}
{"level":"info","message":"User authenticated successfully : cornelialott@emtrak.com","timestamp":"2018-02-04T20:12:12.541Z"}
{"level":"info","message":"In Login","timestamp":"2018-02-04T20:12:15.062Z"}
{"level":"error","message":"User details not found : panchal2207nil@gmail.com","timestamp":"2018-02-04T20:12:15.062Z"}
{"level":"info","message":"User verified successfully","timestamp":"2018-02-04T20:12:17.587Z"}
{"level":"info","message":"User verified successfully","timestamp":"2018-02-04T20:12:20.164Z"}
{"level":"info","message":"User verified successfully","timestamp":"2018-02-04T20:12:22.683Z"}
{"level":"info","message":"User verified successfully","timestamp":"2018-02-04T20:12:25.208Z"}
{"level":"info","message":"User verified successfully","timestamp":"2018-02-04T20:12:27.741Z"}
{"level":"info","message":"File uploaded successfully","timestamp":"2018-02-04T20:12:27.769Z"}
{"level":"info","message":"In Login","timestamp":"2018-02-04T20:12:46.431Z"}
{"level":"info","message":"User authenticated successfully : cornelialott@emtrak.com","timestamp":"2018-02-04T20:12:46.434Z"}
{"level":"info","message":"In Login","timestamp":"2018-02-04T20:12:48.958Z"}
{"level":"error","message":"User details not found : panchal2207nil@gmail.com","timestamp":"2018-02-04T20:12:48.959Z"}
{"level":"info","message":"User verified successfully","timestamp":"2018-02-04T20:12:51.478Z"}
{"level":"info","message":"User verified successfully","timestamp":"2018-02-04T20:12:54.041Z"}
{"level":"info","message":"User verified successfully","timestamp":"2018-02-04T20:12:56.551Z"}
{"level":"info","message":"User verified successfully","timestamp":"2018-02-04T20:12:59.069Z"}
{"level":"info","message":"In Login","timestamp":"2018-02-04T20:13:00.929Z"}
{"level":"info","message":"User authenticated successfully : cornelialott@emtrak.com","timestamp":"2018-02-04T20:13:00.933Z"}
{"level":"info","message":"User verified successfully","timestamp":"2018-02-04T20:13:01.655Z"}
{"level":"info","message":"File uploaded successfully","timestamp":"2018-02-04T20:13:01.676Z"}
{"level":"info","message":"In Login","timestamp":"2018-02-04T20:13:03.463Z"}
{"level":"error","message":"User details not found : panchal2207nil@gmail.com","timestamp":"2018-02-04T20:13:03.464Z"}
{"level":"info","message":"User verified successfully","timestamp":"2018-02-04T20:13:05.991Z"}
{"level":"info","message":"User verified successfully","timestamp":"2018-02-04T20:13:08.581Z"}
{"level":"info","message":"User verified successfully","timestamp":"2018-02-04T20:13:11.101Z"}
{"level":"info","message":"User verified successfully","timestamp":"2018-02-04T20:13:13.625Z"}
{"level":"info","message":"User verified successfully","timestamp":"2018-02-04T20:13:16.164Z"}
{"level":"info","message":"File uploaded successfully","timestamp":"2018-02-04T20:13:16.199Z"}
